<?xml version="1.0" encoding="UTF-8"?>
<!-- Generated by org.testng.reporters.JUnitXMLReporter -->
<testsuite ignored="2" hostname="PHG-IN-PF290PYX" failures="0" tests="1" name="Car Loan" time="0.008" errors="0" timestamp="28 Nov 2023 20:22:20 GMT">
  <testcase classname="ng.day3" name="webLogincar" time="0.003"/>
  <testcase classname="ng.day3" name="MobileAPILogincar" time="0.0">
    <ignored/>
  </testcase> <!-- MobileAPILogincar -->
  <testcase classname="ng.day3" name="MobileLogincar" time="0.0">
    <ignored/>
  </testcase> <!-- MobileLogincar -->
</testsuite> <!-- Car Loan -->
