<?xml version="1.0" encoding="UTF-8"?>
<!-- Generated by org.testng.reporters.JUnitXMLReporter -->
<testsuite ignored="1" hostname="PHG-IN-PF290PYX" failures="0" tests="2" name="Conference" time="23.778" errors="0" timestamp="15 Dec 2023 11:48:11 GMT">
  <testcase classname="perfectCode.ConferenceExecution" name="Filter" time="7.266"/>
  <testcase classname="perfectCode.ConferenceExecution" name="Pagination" time="3.038"/>
  <testcase classname="perfectCode.ConferenceExecution" name="Sorting" time="0.0">
    <ignored/>
  </testcase> <!-- Sorting -->
</testsuite> <!-- Conference -->
