<?xml version="1.0" encoding="UTF-8"?>
<!-- Generated by org.testng.reporters.JUnitXMLReporter -->
<testsuite ignored="0" hostname="PHG-IN-PF290PYX" failures="0" tests="6" name="Personal Loan" time="0.132" errors="0" timestamp="28 Nov 2023 20:22:20 GMT">
  <testcase classname="ng.day1" name="secondTest" time="0.036"/>
  <testcase classname="ng.day1" name="test" time="0.003"/>
  <testcase classname="ng.day2" name="ploan" time="0.003"/>
  <testcase classname="ng.day4" name="APILoginhome" time="0.002"/>
  <testcase classname="ng.day4" name="mobileLoginhome" time="0.002"/>
  <testcase classname="ng.day4" name="webLoginhome" time="0.002"/>
</testsuite> <!-- Personal Loan -->
